<?xml version="1.0" encoding="UTF-8"?>
<!-- Generated by org.testng.reporters.JUnitXMLReporter -->
<testsuite hostname="LAPTOP-IVDTKOOS" ignored="1" name="Default test" tests="1" failures="0" timestamp="24 Mar 2022 11:26:16 GMT" time="0.821" errors="0">
  <testcase name="bankManagerLoginTest" time="0.797" classname="com.w2a.Testcases.LoginTest"/>
  <testcase name="customerLoginTest" time="0.0" classname="com.w2a.Testcases.LoginTest">
    <ignored/>
  </testcase> <!-- customerLoginTest -->
</testsuite> <!-- Default test -->
