<?xml version="1.0" encoding="UTF-8"?>
<!-- Generated by org.testng.reporters.JUnitXMLReporter -->
<testsuite hostname="LAPTOP-IVDTKOOS" ignored="1" name="Default test" tests="4" failures="0" timestamp="29 Mar 2022 09:44:47 GMT" time="81.406" errors="0">
  <testcase name="addCustomerTest" time="10.705" classname="com.w2a.Testcases.BankManagerFunctions"/>
  <testcase name="addCustomerTest" time="10.203" classname="com.w2a.Testcases.BankManagerFunctions"/>
  <testcase name="addCustomerTest" time="10.55" classname="com.w2a.Testcases.BankManagerFunctions"/>
  <testcase name="addCustomerTest" time="11.614" classname="com.w2a.Testcases.BankManagerFunctions"/>
  <testcase name="addCustomerTestFromExcel" time="0.0" classname="com.w2a.Testcases.BankManagerFunctions">
    <ignored/>
  </testcase> <!-- addCustomerTestFromExcel -->
</testsuite> <!-- Default test -->
