<?xml version="1.0" encoding="UTF-8"?>
<testng-results skipped="0" failed="0" ignored="1" total="2" passed="1">
  <reporter-output>
  </reporter-output>
  <suite name="Default suite" duration-ms="821" started-at="2022-03-24T11:26:16Z" finished-at="2022-03-24T11:26:16Z">
    <groups>
    </groups>
    <test name="Default test" duration-ms="821" started-at="2022-03-24T11:26:16Z" finished-at="2022-03-24T11:26:16Z">
      <class name="com.w2a.Testcases.LoginTest">
        <test-method status="PASS" signature="setUp()[pri:0, instance:com.w2a.Testcases.LoginTest@2e4b8173]" name="setUp" is-config="true" duration-ms="2343" started-at="2022-03-24T11:26:13Z" finished-at="2022-03-24T11:26:16Z">
          <reporter-output>
          </reporter-output>
        </test-method> <!-- setUp -->
        <test-method status="PASS" signature="bankManagerLoginTest()[pri:0, instance:com.w2a.Testcases.LoginTest@2e4b8173]" name="bankManagerLoginTest" duration-ms="797" started-at="2022-03-24T11:26:16Z" finished-at="2022-03-24T11:26:16Z">
          <reporter-output>
          </reporter-output>
        </test-method> <!-- bankManagerLoginTest -->
        <test-method status="PASS" signature="tearDown()[pri:0, instance:com.w2a.Testcases.LoginTest@2e4b8173]" name="tearDown" is-config="true" duration-ms="10120" started-at="2022-03-24T11:26:16Z" finished-at="2022-03-24T11:26:26Z">
          <reporter-output>
          </reporter-output>
        </test-method> <!-- tearDown -->
      </class> <!-- com.w2a.Testcases.LoginTest -->
    </test> <!-- Default test -->
  </suite> <!-- Default suite -->
</testng-results>
